<?xml version="1.0" encoding="UTF-8"?>
<testng-results skipped="0" failed="0" ignored="0" total="1" passed="1">
  <reporter-output>
  </reporter-output>
  <suite name="Default suite" duration-ms="164" started-at="2022-12-28T08:17:04Z" finished-at="2022-12-28T08:17:04Z">
    <groups>
    </groups>
    <test name="Default test" duration-ms="164" started-at="2022-12-28T08:17:04Z" finished-at="2022-12-28T08:17:04Z">
      <class name="github.GithubClass">
        <test-method status="PASS" signature="method()[pri:0, instance:github.GithubClass@1810399e]" name="method" duration-ms="16" started-at="2022-12-28T13:47:04Z" finished-at="2022-12-28T13:47:04Z">
          <reporter-output>
          </reporter-output>
        </test-method> <!-- method -->
      </class> <!-- github.GithubClass -->
    </test> <!-- Default test -->
  </suite> <!-- Default suite -->
</testng-results>
